<?xml version="1.0" encoding="UTF-8" ?>
<testsuite errors="2" failures="0" hostname="VPCF11E1R" name="test.IntervalAnalysis.Characteristics.Calculators.testAverageRemoteness" tests="2" time="0.007" timestamp="2012-01-28T10:26:31">
  <properties>
    <property name="java.vendor" value="Oracle Corporation" />
    <property name="sun.java.launcher" value="SUN_STANDARD" />
    <property name="sun.management.compiler" value="HotSpot Tiered Compilers" />
    <property name="dist" value="dist" />
    <property name="os.name" value="Linux" />
    <property name="sun.boot.class.path" value="/home/alex/Programs/jdk1.7.0/jre/lib/resources.jar:/home/alex/Programs/jdk1.7.0/jre/lib/rt.jar:/home/alex/Programs/jdk1.7.0/jre/lib/sunrsasign.jar:/home/alex/Programs/jdk1.7.0/jre/lib/jsse.jar:/home/alex/Programs/jdk1.7.0/jre/lib/jce.jar:/home/alex/Programs/jdk1.7.0/jre/lib/charsets.jar:/home/alex/Programs/jdk1.7.0/jre/classes" />
    <property name="sun.desktop" value="gnome" />
    <property name="java.vm.specification.vendor" value="Oracle Corporation" />
    <property name="ant.home" value="/home/alex/Programs/idea-IC-107.587/lib/ant" />
    <property name="java.runtime.version" value="1.7.0-b147" />
    <property name="user.name" value="alex" />
    <property name="reports" value="reports" />
    <property name="source.test" value="src/test" />
    <property name="user.language" value="ru" />
    <property name="build" value="build" />
    <property name="sun.boot.library.path" value="/home/alex/Programs/jdk1.7.0/jre/lib/i386" />
    <property name="ant.project.default-target" value="jar-make" />
    <property name="ant.project.name" value="jlibiada-core" />
    <property name="java.version" value="1.7.0" />
    <property name="user.timezone" value="" />
    <property name="sun.arch.data.model" value="32" />
    <property name="java.endorsed.dirs" value="/home/alex/Programs/jdk1.7.0/jre/lib/endorsed" />
    <property name="sun.cpu.isalist" value="" />
    <property name="sun.jnu.encoding" value="UTF-8" />
    <property name="file.encoding.pkg" value="sun.io" />
    <property name="file.separator" value="/" />
    <property name="java.specification.name" value="Java Platform API Specification" />
    <property name="java.class.version" value="51.0" />
    <property name="user.country" value="RU" />
    <property name="java.home" value="/home/alex/Programs/jdk1.7.0/jre" />
    <property name="java.vm.info" value="mixed mode" />
    <property name="ant.file" value="/home/alex/Рабочий стол/Учеба/jlibiada-core/build.xml" />
    <property name="os.version" value="3.0.0-15-generic-pae" />
    <property name="path.separator" value=":" />
    <property name="java.vm.version" value="21.0-b17" />
    <property name="ant.file.jlibiada-core" value="/home/alex/Рабочий стол/Учеба/jlibiada-core/build.xml" />
    <property name="ant.library.dir" value="/home/alex/Programs/idea-IC-107.587/lib/ant/lib" />
    <property name="reports.test.xml" value="reports/test/xml/" />
    <property name="java.awt.printerjob" value="sun.print.PSPrinterJob" />
    <property name="sun.io.unicode.encoding" value="UnicodeLittle" />
    <property name="awt.toolkit" value="sun.awt.X11.XToolkit" />
    <property name="build.main" value="build/main" />
    <property name="ant.file.type.jlibiada-core" value="file" />
    <property name="user.home" value="/home/alex" />
    <property name="java.specification.vendor" value="Oracle Corporation" />
    <property name="java.library.path" value=".::/usr/java/packages/lib/i386:/lib:/usr/lib" />
    <property name="java.vendor.url" value="http://java.oracle.com/" />
    <property name="java.vm.vendor" value="Oracle Corporation" />
    <property name="java.runtime.name" value="Java(TM) SE Runtime Environment" />
    <property name="sun.java.command" value="com.intellij.rt.ant.execution.AntMain2 -logger com.intellij.rt.ant.execution.IdeaAntLogger2 -inputhandler com.intellij.rt.ant.execution.IdeaInputHandler -buildfile /home/alex/Рабочий стол/Учеба/jlibiada-core/build.xml" />
    <property name="java.class.path" value="/home/alex/Рабочий стол/Учеба/jlibiada-core/lib/jahmm-0.6.1.jar:/home/alex/Programs/idea-IC-107.587/lib/ant/lib/ant-junit.jar:/home/alex/Programs/idea-IC-107.587/lib/ant/lib/ant-launcher.jar:/home/alex/Programs/idea-IC-107.587/lib/ant/lib/ant-commons-net.jar:/home/alex/Programs/idea-IC-107.587/lib/ant/lib/ant-apache-oro.jar:/home/alex/Programs/idea-IC-107.587/lib/ant/lib/ant-jai.jar:/home/alex/Programs/idea-IC-107.587/lib/ant/lib/ant-apache-bsf.jar:/home/alex/Programs/idea-IC-107.587/lib/ant/lib/ant-commons-logging.jar:/home/alex/Programs/idea-IC-107.587/lib/ant/lib/ant-jsch.jar:/home/alex/Programs/idea-IC-107.587/lib/ant/lib/ant-jmf.jar:/home/alex/Programs/idea-IC-107.587/lib/ant/lib/ant-netrexx.jar:/home/alex/Programs/idea-IC-107.587/lib/ant/lib/ant-apache-bcel.jar:/home/alex/Programs/idea-IC-107.587/lib/ant/lib/ant-apache-log4j.jar:/home/alex/Programs/idea-IC-107.587/lib/ant/lib/ant-apache-xalan2.jar:/home/alex/Programs/idea-IC-107.587/lib/ant/lib/ant-apache-regexp.jar:/home/alex/Programs/idea-IC-107.587/lib/ant/lib/ant-swing.jar:/home/alex/Programs/idea-IC-107.587/lib/ant/lib/ant-apache-resolver.jar:/home/alex/Programs/idea-IC-107.587/lib/ant/lib/ant.jar:/home/alex/Programs/idea-IC-107.587/lib/ant/lib/ant-antlr.jar:/home/alex/Programs/idea-IC-107.587/lib/ant/lib/ant-testutil.jar:/home/alex/Programs/idea-IC-107.587/lib/ant/lib/ant-javamail.jar:/home/alex/Programs/idea-IC-107.587/lib/ant/lib/ant-jdepend.jar:/home/alex/Programs/jdk1.7.0/lib/tools.jar:/home/alex/Programs/idea-IC-107.587/lib/idea_rt.jar:/home/alex/Programs/idea-IC-107.587/lib/ant/lib/ant-junit.jar:/home/alex/Programs/idea-IC-107.587/lib/ant/lib/ant-launcher.jar:/home/alex/Programs/idea-IC-107.587/lib/ant/lib/ant-commons-net.jar:/home/alex/Programs/idea-IC-107.587/lib/ant/lib/ant-apache-oro.jar:/home/alex/Programs/idea-IC-107.587/lib/ant/lib/ant-jai.jar:/home/alex/Programs/idea-IC-107.587/lib/ant/lib/ant-apache-bsf.jar:/home/alex/Programs/idea-IC-107.587/lib/ant/lib/ant-commons-logging.jar:/home/alex/Programs/idea-IC-107.587/lib/ant/lib/ant-jsch.jar:/home/alex/Programs/idea-IC-107.587/lib/ant/lib/ant-jmf.jar:/home/alex/Programs/idea-IC-107.587/lib/ant/lib/ant-netrexx.jar:/home/alex/Programs/idea-IC-107.587/lib/ant/lib/ant-apache-bcel.jar:/home/alex/Programs/idea-IC-107.587/lib/ant/lib/ant-apache-log4j.jar:/home/alex/Programs/idea-IC-107.587/lib/ant/lib/ant-apache-xalan2.jar:/home/alex/Programs/idea-IC-107.587/lib/ant/lib/ant-apache-regexp.jar:/home/alex/Programs/idea-IC-107.587/lib/ant/lib/ant-swing.jar:/home/alex/Programs/idea-IC-107.587/lib/ant/lib/ant-apache-resolver.jar:/home/alex/Programs/idea-IC-107.587/lib/ant/lib/ant.jar:/home/alex/Programs/idea-IC-107.587/lib/ant/lib/ant-antlr.jar:/home/alex/Programs/idea-IC-107.587/lib/ant/lib/ant-testutil.jar:/home/alex/Programs/idea-IC-107.587/lib/ant/lib/ant-javamail.jar:/home/alex/Programs/idea-IC-107.587/lib/ant/lib/ant-jdepend.jar" />
    <property name="ant.version" value="Apache Ant(TM) version 1.8.2 compiled on December 20 2010" />
    <property name="java.vm.specification.name" value="Java Virtual Machine Specification" />
    <property name="ant.file.type" value="file" />
    <property name="java.vm.specification.version" value="1.7" />
    <property name="sun.cpu.endian" value="little" />
    <property name="sun.os.patch.level" value="unknown" />
    <property name="java.io.tmpdir" value="/tmp" />
    <property name="java.vendor.url.bug" value="http://bugreport.sun.com/bugreport/" />
    <property name="os.arch" value="i386" />
    <property name="java.awt.graphicsenv" value="sun.awt.X11GraphicsEnvironment" />
    <property name="source.main" value="src/main" />
    <property name="java.ext.dirs" value="/home/alex/Programs/jdk1.7.0/jre/lib/ext:/usr/java/packages/lib/ext" />
    <property name="user.dir" value="/home/alex/Рабочий стол/Учеба/jlibiada-core" />
    <property name="line.separator" value="&#xa;" />
    <property name="java.vm.name" value="Java HotSpot(TM) Server VM" />
    <property name="basedir" value="/home/alex/Рабочий стол/Учеба/jlibiada-core" />
    <property name="ant.java.version" value="1.7" />
    <property name="ant.core.lib" value="/home/alex/Programs/idea-IC-107.587/lib/ant/lib/ant.jar" />
    <property name="source" value="src" />
    <property name="file.encoding" value="UTF-8" />
    <property name="build.test" value="build/test" />
    <property name="java.specification.version" value="1.7" />
    <property name="ant.project.invoked-targets" value="jar-make" />
  </properties>
  <testcase classname="test.IntervalAnalysis.Characteristics.Calculators.testAverageRemoteness" name="testCalculationForChain" time="0.002">
    <error message="main.EventTheory.PsevdoValue.clone()Lmain/Root/IBaseObject;" type="java.lang.AbstractMethodError">java.lang.AbstractMethodError: main.EventTheory.PsevdoValue.clone()Lmain/Root/IBaseObject;
	at main.TheoryOfSet.Alphabet.add(Alphabet.java:29)
	at main.EventTheory.Space.&lt;init&gt;(Space.java:21)
	at main.IntervalAnalysis.BaseChain.&lt;init&gt;(BaseChain.java:16)
	at main.IntervalAnalysis.ChainWithCharacteristic.&lt;init&gt;(ChainWithCharacteristic.java:26)
	at main.IntervalAnalysis.Chain.&lt;init&gt;(Chain.java:23)
	at test.IntervalAnalysis.Characteristics.Calculators.ObjectMother.getChain(ObjectMother.java:19)
	at test.IntervalAnalysis.Characteristics.Calculators.testAverageRemoteness.setUp(testAverageRemoteness.java:23)
	at com.intellij.rt.ant.execution.AntMain2.main(AntMain2.java:32)
</error>
  </testcase>
  <testcase classname="test.IntervalAnalysis.Characteristics.Calculators.testAverageRemoteness" name="testCalculation" time="0.001">
    <error message="main.EventTheory.PsevdoValue.clone()Lmain/Root/IBaseObject;" type="java.lang.AbstractMethodError">java.lang.AbstractMethodError: main.EventTheory.PsevdoValue.clone()Lmain/Root/IBaseObject;
	at main.TheoryOfSet.Alphabet.add(Alphabet.java:29)
	at main.EventTheory.Space.&lt;init&gt;(Space.java:21)
	at main.IntervalAnalysis.BaseChain.&lt;init&gt;(BaseChain.java:16)
	at main.IntervalAnalysis.ChainWithCharacteristic.&lt;init&gt;(ChainWithCharacteristic.java:26)
	at main.IntervalAnalysis.Chain.&lt;init&gt;(Chain.java:23)
	at test.IntervalAnalysis.Characteristics.Calculators.ObjectMother.getChain(ObjectMother.java:19)
	at test.IntervalAnalysis.Characteristics.Calculators.testAverageRemoteness.setUp(testAverageRemoteness.java:23)
	at com.intellij.rt.ant.execution.AntMain2.main(AntMain2.java:32)
</error>
  </testcase>
  <system-out><![CDATA[]]></system-out>
  <system-err><![CDATA[]]></system-err>
</testsuite>
